commit 5ba32a6a560586240356906c40ca7431516b4df1
Author: Juan Nava <jnav56@cs.utexas.edu>
Date:   Tue Sep 8 16:18:05 2020 -0500

    Fixed values in unit tests, but did not run make test

commit 9db8eb6f075f881e89a03b5fb53a5d3362aec0b5
Author: Juan Nava <jnav56@cs.utexas.edu>
Date:   Tue Sep 8 16:07:17 2020 -0500

    Testing to see if original state will be successful in pipeline

commit a996dabc2a3943d98270545e44c7415e66713566
Author: Juan Nava <jnav56@cs.utexas.edu>
Date:   Tue Sep 8 15:40:08 2020 -0500

    Delete premature Doxyfile

commit 58a329af45d6e27a1df5c11294819ee193d11dd2
Author: Juan Nava <jnav56@cs.utexas.edu>
Date:   Tue Sep 8 15:33:08 2020 -0500

    Fixed the unit tests and confirmed failures
    
    Closes #6

commit b2e148b497d9e00e925eaebeb482990150d2a887
Author: Juan Nava <jnav56@cs.utexas.edu>
Date:   Tue Sep 8 15:06:11 2020 -0500

    Fixed the unit tests and confirmed failures
    
    Closes #6

commit 26716625c3a401709ac61320592c64c41c82f74c
Author: Juan Nava <jnav56@cs.utexas.edu>
Date:   Tue Sep 8 14:25:22 2020 -0500

    Ran unit/acceptance tests, confirmed success
    
    Closes #5

commit fa6c0807f81f5a0d8ad329a74c1f8ea93c7ccaae
Author: Juan Nava <jnav56@cs.utexas.edu>
Date:   Tue Sep 8 08:14:27 2020 -0500

    Modified Collatz and RunCollatz to original files

commit b8f95c2c20c63954b5fb09c6e7372e735a6104ad
Author: Juan Nava <jnav56@cs.utexas.edu>
Date:   Tue Sep 8 07:43:07 2020 -0500

    Added the Doxyfile and ran doxygen on the file
    
    Closes #11

commit 20294ce144cb81d09e377546cfe39d452459c436
Author: Juan Nava <jnav56@cs.utexas.edu>
Date:   Tue Sep 8 07:21:39 2020 -0500

    Added html folder into the private repository

commit 4acd122a0bf2a9b812460201efdb653b8a895818
Author: Juan Nava <nava.juan1012@gmail.com>
Date:   Fri Sep 4 01:22:45 2020 +0000

    Update README.md

commit 092f24faf3d4c7a5386a737a259deca19408bc0d
Author: Glenn Downing <downing@cs.utexas.edu>
Date:   Sun Aug 30 21:31:29 2020 -0500

    another commit

commit 09f92b4854947d2fbc77279d86969ccc319ef275
Author: Glenn Downing <downing@cs.utexas.edu>
Date:   Sun Aug 30 20:26:35 2020 -0500

    first commit
